  250.000  0.000000e+00 
  251.000  0.000000e+00 
  252.000  0.000000e+00 
  253.000  0.000000e+00 
  254.000  0.000000e+00 
  255.000  0.000000e+00 
  256.000  0.000000e+00 
  257.000  0.000000e+00 
  258.000  0.000000e+00 
  259.000  0.000000e+00 
  260.000  0.000000e+00 
  261.000  0.000000e+00 
  262.000  0.000000e+00 
  263.000  0.000000e+00 
  264.000  0.000000e+00 
  265.000  0.000000e+00 
  266.000  0.000000e+00 
  267.000  0.000000e+00 
  268.000  0.000000e+00 
  269.000  0.000000e+00 
  270.000  0.000000e+00 
  271.000  0.000000e+00 
  272.000  0.000000e+00 
  273.000  0.000000e+00 
  274.000  0.000000e+00 
  275.000  0.000000e+00 
  276.000  0.000000e+00 
  277.000  0.000000e+00 
  278.000  0.000000e+00 
  279.000  0.000000e+00 
  280.000  0.000000e+00 
  281.000  0.000000e+00 
  282.000  0.000000e+00 
  283.000  0.000000e+00 
  284.000  0.000000e+00 
  285.000  0.000000e+00 
  286.000  0.000000e+00 
  287.000  0.000000e+00 
  288.000  0.000000e+00 
  289.000  0.000000e+00 
  290.000  0.000000e+00 
  291.000  1.932289e-06 
  292.000  1.185207e-05 
  293.000  3.469715e-05 
  294.000  1.172868e-04 
  295.000  2.571425e-04 
  296.000  7.741355e-04 
  297.000  1.499347e-03 
  298.000  3.303398e-03 
  299.000  5.659553e-03 
  300.000  9.886838e-03 
  301.000  1.561606e-02 
  302.000  2.284071e-02 
  303.000  3.605157e-02 
  304.000  4.268268e-02 
  305.000  6.183897e-02 
  306.000  7.599415e-02 
  307.000  9.797684e-02 
  308.000  1.151900e-01 
  309.000  1.339653e-01 
  310.000  1.633634e-01 
  311.000  1.768013e-01 
  312.000  1.983129e-01 
  313.000  2.238296e-01 
  314.000  2.347035e-01 
  315.000  2.646175e-01 
  316.000  2.726311e-01 
  317.000  2.950950e-01 
  318.000  3.082557e-01 
  319.000  3.425110e-01 
  320.000  3.209929e-01 
  321.000  3.708508e-01 
  322.000  3.514080e-01 
  323.000  3.745091e-01 
  324.000  4.064244e-01 
  325.000  3.844619e-01 
  326.000  4.162512e-01 
  327.000  4.263034e-01 
  328.000  4.105663e-01 
  329.000  4.458295e-01 
  330.000  4.520681e-01 
  331.000  4.377733e-01 
  332.000  4.618428e-01 
  333.000  4.672091e-01 
  334.000  4.641055e-01 
  335.000  4.792541e-01 
  336.000  4.854644e-01 
  337.000  4.819020e-01 
  338.000  4.917181e-01 
  339.000  4.988139e-01 
  340.000  4.979762e-01 
  341.000  5.058627e-01 
  342.000  5.113987e-01 
  343.000  5.149568e-01 
  344.000  5.140135e-01 
  345.000  5.224031e-01 
  346.000  5.266625e-01 
  347.000  5.302960e-01 
  348.000  5.341107e-01 
  349.000  5.386639e-01 
  350.000  5.422550e-01 
  351.000  5.464191e-01 
  352.000  5.498281e-01 
  353.000  5.538913e-01 
  354.000  5.568039e-01 
  355.000  5.599757e-01 
  356.000  5.639799e-01 
  357.000  5.665976e-01 
  358.000  5.695181e-01 
  359.000  5.723929e-01 
  360.000  5.751910e-01 
  361.000  5.780977e-01 
  362.000  5.825223e-01 
  363.000  5.862643e-01 
  364.000  5.899805e-01 
  365.000  5.930927e-01 
  366.000  5.965442e-01 
  367.000  5.997865e-01 
  368.000  6.028741e-01 
  369.000  6.054655e-01 
  370.000  6.085433e-01 
  371.000  6.117855e-01 
  372.000  6.144641e-01 
  373.000  6.177403e-01 
  374.000  6.208566e-01 
  375.000  6.233773e-01 
  376.000  6.259961e-01 
  377.000  6.289824e-01 
  378.000  6.312997e-01 
  379.000  6.338151e-01 
  380.000  6.362203e-01 
  381.000  6.388225e-01 
  382.000  6.422765e-01 
  383.000  6.457884e-01 
  384.000  6.481834e-01 
  385.000  6.512561e-01 
  386.000  6.537116e-01 
  387.000  6.566010e-01 
  388.000  6.588704e-01 
  389.000  6.611761e-01 
  390.000  6.640564e-01 
  391.000  6.664171e-01 
  392.000  6.683967e-01 
  393.000  6.717011e-01 
  394.000  6.739772e-01 
  395.000  6.761811e-01 
  396.000  6.789574e-01 
  397.000  6.814743e-01 
  398.000  6.832233e-01 
  399.000  6.856217e-01 
  400.000  6.876718e-01 
  401.000  6.903794e-01 
  402.000  6.928061e-01 
  403.000  6.952949e-01 
  404.000  6.969586e-01 
  405.000  6.992546e-01 
  406.000  7.014178e-01 
  407.000  7.042150e-01 
  408.000  7.055951e-01 
  409.000  7.075919e-01 
  410.000  7.096971e-01 
  411.000  7.120500e-01 
  412.000  7.144768e-01 
  413.000  7.158005e-01 
  414.000  7.182975e-01 
  415.000  7.202628e-01 
  416.000  7.227843e-01 
  417.000  7.242736e-01 
  418.000  7.259670e-01 
  419.000  7.283753e-01 
  420.000  7.299945e-01 
  421.000  7.318747e-01 
  422.000  7.334132e-01 
  423.000  7.355242e-01 
  424.000  7.371534e-01 
  425.000  7.395877e-01 
  426.000  7.413972e-01 
  427.000  7.430890e-01 
  428.000  7.446235e-01 
  429.000  7.468193e-01 
  430.000  7.486410e-01 
  431.000  7.493684e-01 
  432.000  7.519104e-01 
  433.000  7.536798e-01 
  434.000  7.548355e-01 
  435.000  7.560510e-01 
  436.000  7.580881e-01 
  437.000  7.607414e-01 
  438.000  7.620987e-01 
  439.000  7.624866e-01 
  440.000  7.644760e-01 
  441.000  7.661927e-01 
  442.000  7.682763e-01 
  443.000  7.694000e-01 
  444.000  7.707972e-01 
  445.000  7.714891e-01 
  446.000  7.733760e-01 
  447.000  7.752333e-01 
  448.000  7.753887e-01 
  449.000  7.779183e-01 
  450.000  7.800025e-01 
  451.000  7.812617e-01 
  452.000  7.822963e-01 
  453.000  7.838559e-01 
  454.000  7.859784e-01 
  455.000  7.867219e-01 
  456.000  7.879644e-01 
  457.000  7.893925e-01 
  458.000  7.903462e-01 
  459.000  7.916048e-01 
  460.000  7.924002e-01 
  461.000  7.937201e-01 
  462.000  7.955416e-01 
  463.000  7.956826e-01 
  464.000  7.974661e-01 
  465.000  7.986996e-01 
  466.000  8.009602e-01 
  467.000  8.016666e-01 
  468.000  8.029664e-01 
  469.000  8.040858e-01 
  470.000  8.053100e-01 
  471.000  8.064793e-01 
  472.000  8.070441e-01 
  473.000  8.074301e-01 
  474.000  8.068686e-01 
  475.000  8.071399e-01 
  476.000  8.076897e-01 
  477.000  8.082141e-01 
  478.000  8.088387e-01 
  479.000  8.100278e-01 
  480.000  8.114851e-01 
  481.000  8.139074e-01 
  482.000  8.158829e-01 
  483.000  8.177044e-01 
  484.000  8.186660e-01 
  485.000  8.194969e-01 
  486.000  8.201740e-01 
  487.000  8.216479e-01 
  488.000  8.224630e-01 
  489.000  8.231186e-01 
  490.000  8.247494e-01 
  491.000  8.257332e-01 
  492.000  8.266569e-01 
  493.000  8.275753e-01 
  494.000  8.282218e-01 
  495.000  8.289270e-01 
  496.000  8.294378e-01 
  497.000  8.302650e-01 
  498.000  8.308666e-01 
  499.000  8.316398e-01 
  500.000  8.322057e-01 
  501.000  8.322616e-01 
  502.000  8.321410e-01 
  503.000  8.319273e-01 
  504.000  8.317738e-01 
  505.000  8.323956e-01 
  506.000  8.336859e-01 
  507.000  8.344402e-01 
  508.000  8.358267e-01 
  509.000  8.366240e-01 
  510.000  8.377054e-01 
  511.000  8.387540e-01 
  512.000  8.394224e-01 
  513.000  8.407854e-01 
  514.000  8.414055e-01 
  515.000  8.425083e-01 
  516.000  8.429794e-01 
  517.000  8.438177e-01 
  518.000  8.440191e-01 
  519.000  8.445747e-01 
  520.000  8.448530e-01 
  521.000  8.455220e-01 
  522.000  8.457094e-01 
  523.000  8.459937e-01 
  524.000  8.462657e-01 
  525.000  8.460757e-01 
  526.000  8.460696e-01 
  527.000  8.461818e-01 
  528.000  8.460129e-01 
  529.000  8.460130e-01 
  530.000  8.459423e-01 
  531.000  8.462942e-01 
  532.000  8.466219e-01 
  533.000  8.471146e-01 
  534.000  8.477890e-01 
  535.000  8.481799e-01 
  536.000  8.488824e-01 
  537.000  8.496217e-01 
  538.000  8.500167e-01 
  539.000  8.503892e-01 
  540.000  8.510475e-01 
  541.000  8.509762e-01 
  542.000  8.513106e-01 
  543.000  8.519388e-01 
  544.000  8.524492e-01 
  545.000  8.524045e-01 
  546.000  8.527025e-01 
  547.000  8.535963e-01 
  548.000  8.544580e-01 
  549.000  8.546960e-01 
  550.000  8.552997e-01 
  551.000  8.557234e-01 
  552.000  8.559945e-01 
  553.000  8.562953e-01 
  554.000  8.566646e-01 
  555.000  8.569680e-01 
  556.000  8.567981e-01 
  557.000  8.564506e-01 
  558.000  8.561863e-01 
  559.000  8.558451e-01 
  560.000  8.555185e-01 
  561.000  8.552660e-01 
  562.000  8.551059e-01 
  563.000  8.547585e-01 
  564.000  8.544058e-01 
  565.000  8.541048e-01 
  566.000  8.540143e-01 
  567.000  8.536533e-01 
  568.000  8.530924e-01 
  569.000  8.512503e-01 
  570.000  8.501738e-01 
  571.000  8.503304e-01 
  572.000  8.493227e-01 
  573.000  8.493627e-01 
  574.000  8.486790e-01 
  575.000  8.487265e-01 
  576.000  8.489818e-01 
  577.000  8.494563e-01 
  578.000  8.509215e-01 
  579.000  8.521907e-01 
  580.000  8.533068e-01 
  581.000  8.551937e-01 
  582.000  8.569905e-01 
  583.000  8.585382e-01 
  584.000  8.608122e-01 
  585.000  8.616247e-01 
  586.000  8.627284e-01 
  587.000  8.630171e-01 
  588.000  8.634053e-01 
  589.000  8.592694e-01 
  590.000  8.597967e-01 
  591.000  8.616239e-01 
  592.000  8.582216e-01 
  593.000  8.640066e-01 
  594.000  8.615266e-01 
  595.000  8.634829e-01 
  596.000  8.642650e-01 
  597.000  8.642464e-01 
  598.000  8.643650e-01 
  599.000  8.652983e-01 
  600.000  8.653845e-01 
  601.000  8.663372e-01 
  602.000  8.672742e-01 
  603.000  8.677680e-01 
  604.000  8.682555e-01 
  605.000  8.687644e-01 
  606.000  8.698308e-01 
  607.000  8.706823e-01 
  608.000  8.718057e-01 
  609.000  8.722664e-01 
  610.000  8.731888e-01 
  611.000  8.739229e-01 
  612.000  8.750138e-01 
  613.000  8.759205e-01 
  614.000  8.765789e-01 
  615.000  8.773457e-01 
  616.000  8.784333e-01 
  617.000  8.792207e-01 
  618.000  8.797561e-01 
  619.000  8.805407e-01 
  620.000  8.812391e-01 
  621.000  8.817622e-01 
  622.000  8.819959e-01 
  623.000  8.825191e-01 
  624.000  8.827326e-01 
  625.000  8.829944e-01 
  626.000  8.831770e-01 
  627.000  8.832987e-01 
  628.000  8.694207e-01 
  629.000  8.751325e-01 
  630.000  8.793097e-01 
  631.000  8.841088e-01 
  632.000  8.859740e-01 
  633.000  8.873308e-01 
  634.000  8.892324e-01 
  635.000  8.897621e-01 
  636.000  8.916279e-01 
  637.000  8.937492e-01 
  638.000  8.951157e-01 
  639.000  8.964958e-01 
  640.000  8.973045e-01 
  641.000  8.987457e-01 
  642.000  8.996820e-01 
  643.000  9.001404e-01 
  644.000  9.009962e-01 
  645.000  9.016935e-01 
  646.000  9.010255e-01 
  647.000  8.998036e-01 
  648.000  8.983544e-01 
  649.000  9.007590e-01 
  650.000  9.048367e-01 
  651.000  9.055117e-01 
  652.000  9.051442e-01 
  653.000  9.066134e-01 
  654.000  9.075454e-01 
  655.000  9.040605e-01 
  656.000  9.072030e-01 
  657.000  9.083355e-01 
  658.000  9.102517e-01 
  659.000  9.116135e-01 
  660.000  9.117823e-01 
  661.000  9.128732e-01 
  662.000  9.130766e-01 
  663.000  9.137532e-01 
  664.000  9.142854e-01 
  665.000  9.148639e-01 
  666.000  9.154473e-01 
  667.000  9.163159e-01 
  668.000  9.167359e-01 
  669.000  9.174598e-01 
  670.000  9.178452e-01 
  671.000  9.187152e-01 
  672.000  9.189078e-01 
  673.000  9.196401e-01 
  674.000  9.199229e-01 
  675.000  9.206784e-01 
  676.000  9.209176e-01 
  677.000  9.213096e-01 
  678.000  9.219680e-01 
  679.000  9.223167e-01 
  680.000  9.230237e-01 
  681.000  9.233237e-01 
  682.000  9.242068e-01 
  683.000  9.243864e-01 
  684.000  9.251961e-01 
  685.000  9.255983e-01 
  686.000  9.261235e-01 
  687.000  6.841311e-01 
  688.000  8.390044e-01 
  689.000  8.634300e-01 
  690.000  8.848653e-01 
  691.000  8.959035e-01 
  692.000  9.179989e-01 
  693.000  9.155610e-01 
  694.000  9.126037e-01 
  695.000  9.213409e-01 
  696.000  9.190816e-01 
  697.000  9.299270e-01 
  698.000  9.298214e-01 
  699.000  9.255614e-01 
  700.000  9.264997e-01 
  701.000  9.233223e-01 
  702.000  9.251896e-01 
  703.000  9.268969e-01 
  704.000  9.281194e-01 
  705.000  9.287515e-01 
  706.000  9.306384e-01 
  707.000  9.321449e-01 
  708.000  9.333094e-01 
  709.000  9.336047e-01 
  710.000  9.333326e-01 
  711.000  9.348296e-01 
  712.000  9.343128e-01 
  713.000  9.355339e-01 
  714.000  9.348115e-01 
  715.000  9.330507e-01 
  716.000  9.336432e-01 
  717.000  9.245622e-01 
  718.000  8.969511e-01 
  719.000  8.637936e-01 
  720.000  9.026089e-01 
  721.000  9.308291e-01 
  722.000  9.303090e-01 
  723.000  9.290898e-01 
  724.000  8.907045e-01 
  725.000  9.060443e-01 
  726.000  9.217625e-01 
  727.000  9.150307e-01 
  728.000  9.029121e-01 
  729.000  9.105546e-01 
  730.000  9.243075e-01 
  731.000  9.169014e-01 
  732.000  9.213765e-01 
  733.000  9.326965e-01 
  734.000  9.386136e-01 
  735.000  9.348106e-01 
  736.000  9.376538e-01 
  737.000  9.378964e-01 
  738.000  9.396885e-01 
  739.000  9.403191e-01 
  740.000  9.424691e-01 
  741.000  9.436781e-01 
  742.000  9.441792e-01 
  743.000  9.442542e-01 
  744.000  9.447144e-01 
  745.000  9.450342e-01 
  746.000  9.454657e-01 
  747.000  9.456947e-01 
  748.000  9.458688e-01 
  749.000  9.460104e-01 
  750.000  9.462526e-01 
  751.000  9.463953e-01 
  752.000  9.469690e-01 
  753.000  9.471268e-01 
  754.000  9.473262e-01 
  755.000  9.475334e-01 
  756.000  9.476699e-01 
  757.000  9.479057e-01 
  758.000  9.483196e-01 
  759.000  9.414970e-01 
  760.000  4.187309e-01 
  761.000  3.325737e-01 
  762.000  6.849515e-01 
  763.000  5.956227e-01 
  764.000  6.403887e-01 
  765.000  7.506878e-01 
  766.000  8.655711e-01 
  767.000  9.009908e-01 
  768.000  9.360439e-01 
  769.000  9.454774e-01 
  770.000  9.451999e-01 
  771.000  9.492606e-01 
  772.000  9.506753e-01 
  773.000  9.507771e-01 
  774.000  9.508495e-01 
  775.000  9.509344e-01 
  776.000  9.510812e-01 
  777.000  9.512857e-01 
  778.000  9.514096e-01 
  779.000  9.515415e-01 
  780.000  9.516518e-01 
  781.000  9.519533e-01 
  782.000  9.521758e-01 
  783.000  9.523448e-01 
  784.000  9.523545e-01 
  785.000  9.523597e-01 
  786.000  9.517520e-01 
  787.000  9.519101e-01 
  788.000  9.504208e-01 
  789.000  9.506178e-01 
  790.000  9.480094e-01 
  791.000  9.484625e-01 
  792.000  9.497659e-01 
  793.000  9.506070e-01 
  794.000  9.542441e-01 
  795.000  9.532171e-01 
  796.000  9.459155e-01 
  797.000  9.514208e-01 
  798.000  9.520590e-01 
  799.000  9.532611e-01 
  800.000  9.502282e-01 
  801.000  9.488447e-01 
  802.000  9.510201e-01 
  803.000  9.506720e-01 
  804.000  9.506234e-01 
  805.000  9.520802e-01 
  806.000  9.548449e-01 
  807.000  9.533260e-01 
  808.000  9.551067e-01 
  809.000  9.525307e-01 
  810.000  9.513065e-01 
  811.000  9.518566e-01 
  812.000  9.491340e-01 
  813.000  9.434903e-01 
  814.000  9.334342e-01 
  815.000  9.198539e-01 
  816.000  9.303220e-01 
  817.000  8.792008e-01 
  818.000  9.149076e-01 
  819.000  9.307502e-01 
  820.000  9.099559e-01 
  821.000  9.519292e-01 
  822.000  9.472635e-01 
  823.000  8.643470e-01 
  824.000  9.411525e-01 
  825.000  9.496856e-01 
  826.000  9.406683e-01 
  827.000  9.494799e-01 
  828.000  9.250935e-01 
  829.000  9.442706e-01 
  830.000  9.399838e-01 
  831.000  9.422723e-01 
  832.000  9.421611e-01 
  833.000  9.493477e-01 
  834.000  9.491891e-01 
  835.000  9.532078e-01 
  836.000  9.536511e-01 
  837.000  9.536154e-01 
  838.000  9.562604e-01 
  839.000  9.575740e-01 
  840.000  9.580277e-01 
  841.000  9.580277e-01 
  842.000  9.558408e-01 
  843.000  9.601756e-01 
  844.000  9.577180e-01 
  845.000  9.598558e-01 
  846.000  9.604943e-01 
  847.000  9.609122e-01 
  848.000  9.605380e-01 
  849.000  9.608728e-01 
  850.000  9.609664e-01 
  851.000  9.613312e-01 
  852.000  9.623216e-01 
  853.000  9.625995e-01 
  854.000  9.625542e-01 
  855.000  9.625542e-01 
  856.000  9.628021e-01 
  857.000  9.634153e-01 
  858.000  9.630588e-01 
  859.000  9.634620e-01 
  860.000  9.637429e-01 
  861.000  9.637424e-01 
  862.000  9.639888e-01 
  863.000  9.639240e-01 
  864.000  9.642866e-01 
  865.000  9.642866e-01 
  866.000  9.643365e-01 
  867.000  9.644421e-01 
  868.000  9.644992e-01 
  869.000  9.646200e-01 
  870.000  9.647401e-01 
  871.000  9.648496e-01 
  872.000  9.650030e-01 
  873.000  9.650735e-01 
  874.000  9.650735e-01 
  875.000  9.653046e-01 
  876.000  9.653847e-01 
  877.000  9.654692e-01 
  878.000  9.655437e-01 
  879.000  9.655777e-01 
  880.000  9.658170e-01 
  881.000  9.658170e-01 
  882.000  9.656882e-01 
  883.000  9.658081e-01 
  884.000  9.659529e-01 
  885.000  9.661161e-01 
  886.000  9.647191e-01 
  887.000  9.662135e-01 
  888.000  9.662135e-01 
  889.000  9.658836e-01 
  890.000  9.652054e-01 
  891.000  9.664447e-01 
  892.000  9.652132e-01 
  893.000  9.617688e-01 
  894.000  9.617688e-01 
  895.000  9.531009e-01 
  896.000  9.452401e-01 
  897.000  9.040455e-01 
  898.000  9.437542e-01 
  899.000  8.606747e-01 
  900.000  8.606747e-01 
  901.000  8.783770e-01 
  902.000  8.980122e-01 
  903.000  9.161537e-01 
  904.000  9.569224e-01 
  905.000  9.520094e-01 
  906.000  9.520094e-01 
  907.000  9.108227e-01 
  908.000  8.952056e-01 
  909.000  9.046751e-01 
  910.000  8.963256e-01 
  911.000  8.963256e-01 
  912.000  9.398190e-01 
  913.000  9.188536e-01 
  914.000  9.033232e-01 
  915.000  8.784481e-01 
  916.000  8.784481e-01 
  917.000  9.388113e-01 
  918.000  8.904402e-01 
  919.000  9.272332e-01 
  920.000  9.571119e-01 
  921.000  9.571119e-01 
  922.000  9.500434e-01 
  923.000  9.495769e-01 
  924.000  9.427948e-01 
  925.000  9.427948e-01 
  926.000  9.463530e-01 
  927.000  9.492016e-01 
  928.000  9.059446e-01 
  929.000  8.971381e-01 
  930.000  8.971381e-01 
  931.000  8.135129e-01 
  932.000  6.636129e-01 
  933.000  7.033111e-01 
  934.000  7.033111e-01 
  935.000  6.462918e-01 
  936.000  6.221502e-01 
  937.000  6.293876e-01 
  938.000  6.293876e-01 
  939.000  7.275440e-01 
  940.000  8.351756e-01 
  941.000  8.015726e-01 
  942.000  8.015726e-01 
  943.000  7.095750e-01 
  944.000  7.103056e-01 
  945.000  8.061771e-01 
  946.000  8.061771e-01 
  947.000  7.302135e-01 
  948.000  7.567010e-01 
  949.000  7.945873e-01 
  950.000  7.945873e-01 
  951.000  8.015669e-01 
  952.000  7.236921e-01 
  953.000  8.361101e-01 
  954.000  8.361101e-01 
  955.000  8.301411e-01 
  956.000  7.397447e-01 
  957.000  8.611134e-01 
  958.000  8.611134e-01 
  959.000  8.082530e-01 
  960.000  8.570293e-01 
  961.000  8.570293e-01 
  962.000  8.649092e-01 
  963.000  9.034301e-01 
  964.000  8.482287e-01 
  965.000  8.482287e-01 
  966.000  8.838033e-01 
  967.000  9.273047e-01 
  968.000  9.273047e-01 
  969.000  9.361348e-01 
  970.000  9.525202e-01 
  971.000  9.575568e-01 
  972.000  9.575568e-01 
  973.000  9.515916e-01 
  974.000  9.184734e-01 
  975.000  9.184734e-01 
  976.000  9.075750e-01 
  977.000  9.429416e-01 
  978.000  9.382101e-01 
  979.000  9.382101e-01 
  980.000  9.389034e-01 
  981.000  9.646322e-01 
  982.000  9.646322e-01 
  983.000  9.570429e-01 
  984.000  9.639732e-01 
  985.000  9.639732e-01 
  986.000  9.717224e-01 
  987.000  9.688964e-01 
  988.000  9.688964e-01 
  989.000  9.734153e-01 
  990.000  9.717436e-01 
  991.000  9.717436e-01 
  992.000  9.730119e-01 
  993.000  9.728453e-01 
  994.000  9.728453e-01 
  995.000  9.748076e-01 
  996.000  9.748840e-01 
  997.000  9.748840e-01 
  998.000  9.750065e-01 
  999.000  9.749679e-01 
 1000.000  9.749679e-01 
 1001.000  9.751646e-01 
 1002.000  9.727318e-01 
 1003.000  9.727318e-01 
 1004.000  9.753228e-01 
 1005.000  9.754984e-01 
 1006.000  9.754984e-01 
 1007.000  9.756640e-01 
 1008.000  9.752969e-01 
 1009.000  9.752969e-01 
 1010.000  9.735196e-01 
 1011.000  9.759265e-01 
 1012.000  9.759265e-01 
 1013.000  9.761354e-01 
 1014.000  9.761831e-01 
 1015.000  9.761831e-01 
 1016.000  9.763678e-01 
 1017.000  9.763703e-01 
 1018.000  9.763703e-01 
 1019.000  9.763038e-01 
 1020.000  9.767240e-01 
 1021.000  9.767240e-01 
 1022.000  9.765393e-01 
 1023.000  9.765393e-01 
 1024.000  9.765154e-01 
 1025.000  9.770180e-01 
 1026.000  9.770180e-01 
 1027.000  9.769151e-01 
 1028.000  9.771869e-01 
 1029.000  9.771869e-01 
 1030.000  9.773673e-01 
 1031.000  9.773712e-01 
 1032.000  9.773712e-01 
 1033.000  9.774597e-01 
 1034.000  9.774597e-01 
 1035.000  9.775277e-01 
 1036.000  9.773178e-01 
 1037.000  9.773178e-01 
 1038.000  9.773338e-01 
 1039.000  9.771763e-01 
 1040.000  9.771763e-01 
 1041.000  9.769880e-01 
 1042.000  9.769880e-01 
 1043.000  9.767855e-01 
 1044.000  9.764301e-01 
 1045.000  9.764301e-01 
 1046.000  9.759193e-01 
 1047.000  9.759193e-01 
 1048.000  9.753946e-01 
 1049.000  9.742585e-01 
 1050.000  9.742585e-01 
 1051.000  9.738287e-01 
 1052.000  9.738287e-01 
 1053.000  9.730847e-01 
 1054.000  9.724499e-01 
 1055.000  9.724499e-01 
 1056.000  9.716915e-01 
 1057.000  9.716915e-01 
 1058.000  9.710500e-01 
 1059.000  9.704161e-01 
 1060.000  9.704161e-01 
 1061.000  9.699940e-01 
 1062.000  9.699940e-01 
 1063.000  9.692263e-01 
 1064.000  9.688138e-01 
 1065.000  9.688138e-01 
 1066.000  9.695728e-01 
 1067.000  9.695728e-01 
 1068.000  9.691167e-01 
 1069.000  9.699935e-01 
 1070.000  9.699935e-01 
 1071.000  9.710163e-01 
 1072.000  9.710163e-01 
 1073.000  9.718227e-01 
 1074.000  9.718227e-01 
 1075.000  9.710656e-01 
 1076.000  9.714653e-01 
 1077.000  9.714653e-01 
 1078.000  9.737732e-01 
 1079.000  9.737732e-01 
 1080.000  9.727575e-01 
 1081.000  9.727575e-01 
 1082.000  9.743719e-01 
 1083.000  9.735270e-01 
 1084.000  9.735270e-01 
 1085.000  9.712970e-01 
 1086.000  9.712970e-01 
 1087.000  9.754765e-01 
 1088.000  9.754765e-01 
 1089.000  9.740803e-01 
 1090.000  9.733097e-01 
 1091.000  9.733097e-01 
 1092.000  9.707146e-01 
 1093.000  9.707146e-01 
 1094.000  9.707122e-01 
 1095.000  9.707122e-01 
 1096.000  9.691146e-01 
 1097.000  9.691146e-01 
 1098.000  9.653135e-01 
 1099.000  9.504216e-01 
 1100.000  9.504216e-01 
 1101.000  9.508104e-01 
 1102.000  9.508104e-01 
 1103.000  9.450187e-01 
 1104.000  9.450187e-01 
 1105.000  9.404887e-01 
 1106.000  9.404887e-01 
 1107.000  9.396273e-01 
 1108.000  9.396273e-01 
 1109.000  9.279768e-01 
 1110.000  9.033408e-01 
 1111.000  9.033408e-01 
 1112.000  8.937482e-01 
 1113.000  8.937482e-01 
 1114.000  8.149523e-01 
 1115.000  8.149523e-01 
 1116.000  6.705573e-01 
 1117.000  6.705573e-01 
 1118.000  7.413484e-01 
 1119.000  7.413484e-01 
 1120.000  6.985316e-01 
 1121.000  6.985316e-01 
 1122.000  5.418410e-01 
 1123.000  7.196932e-01 
 1124.000  7.196932e-01 
 1125.000  5.815635e-01 
 1126.000  5.815635e-01 
 1127.000  6.460783e-01 
 1128.000  6.460783e-01 
 1129.000  6.481403e-01 
 1130.000  6.481403e-01 
 1131.000  8.441527e-01 
 1132.000  8.441527e-01 
 1133.000  6.539078e-01 
 1134.000  6.539078e-01 
 1135.000  4.343579e-01 
 1136.000  4.343579e-01 
 1137.000  8.527846e-01 
 1138.000  8.527846e-01 
 1139.000  7.912062e-01 
 1140.000  7.912062e-01 
 1141.000  7.853595e-01 
 1142.000  7.853595e-01 
 1143.000  8.345590e-01 
 1144.000  8.345590e-01 
 1145.000  6.667717e-01 
 1146.000  6.667717e-01 
 1147.000  6.654113e-01 
 1148.000  6.654113e-01 
 1149.000  7.409846e-01 
 1150.000  7.409846e-01 
 1151.000  8.035617e-01 
 1152.000  8.035617e-01 
 1153.000  7.619388e-01 
 1154.000  7.619388e-01 
 1155.000  8.023244e-01 
 1156.000  8.023244e-01 
 1157.000  8.594961e-01 
 1158.000  8.594961e-01 
 1159.000  9.202343e-01 
 1160.000  9.202343e-01 
 1161.000  9.111541e-01 
 1162.000  9.111541e-01 
 1163.000  9.346142e-01 
 1164.000  9.346142e-01 
 1165.000  9.269603e-01 
 1166.000  9.269603e-01 
 1167.000  9.462955e-01 
 1168.000  9.462955e-01 
 1169.000  9.523864e-01 
 1170.000  9.523864e-01 
 1171.000  9.555603e-01 
 1172.000  9.555603e-01 
 1173.000  9.274916e-01 
 1174.000  9.274916e-01 
 1175.000  9.714578e-01 
 1176.000  9.714578e-01 
 1177.000  9.448121e-01 
 1178.000  9.448121e-01 
 1179.000  9.642157e-01 
 1180.000  9.642157e-01 
 1181.000  9.219460e-01 
 1182.000  9.219460e-01 
 1183.000  9.544909e-01 
 1184.000  9.544909e-01 
 1185.000  9.647599e-01 
 1186.000  9.647599e-01 
 1187.000  9.241177e-01 
 1188.000  9.241177e-01 
 1189.000  9.241177e-01 
 1190.000  9.539566e-01 
 1191.000  9.539566e-01 
 1192.000  9.731892e-01 
 1193.000  9.731892e-01 
 1194.000  9.597148e-01 
 1195.000  9.597148e-01 
 1196.000  9.669142e-01 
 1197.000  9.669142e-01 
 1198.000  9.542044e-01 
 1199.000  9.542044e-01 
 1200.000  9.514350e-01 
